Start testing: May 24 16:36 EDT
----------------------------------------------------------
1/1 Testing: test
1/1 Test: test
Command: "/home/miles/Projects/CBot/CBot/tests/tests"
Directory: /home/miles/Projects/CBot/CBot/tests
"test" start time: May 24 16:36 EDT
Output:
----------------------------------------------------------
<end of output>
Test time =   0.00 sec
----------------------------------------------------------
Test Passed.
"test" end time: May 24 16:36 EDT
"test" time elapsed: 00:00:00
----------------------------------------------------------

End testing: May 24 16:36 EDT
